make all --print-data-base --no-builtin-variables --no-builtin-rules --question
# GNU Make 4.2.1
# Built for x86_64-pc-linux-gnu
# Copyright (C) 1988-2016 Free Software Foundation, Inc.
# License GPLv3+: GNU GPL version 3 or later <http://gnu.org/licenses/gpl.html>
# This is free software: you are free to change and redistribute it.
# There is NO WARRANTY, to the extent permitted by law.

# Make data base, printed on Thu Jul 15 08:30:09 2021

# Variables

# 'override' directive
GNUMAKEFLAGS := 
# automatic
<D = $(patsubst %/,%,$(dir $<))
# automatic
?F = $(notdir $?)
# environment
DESKTOP_SESSION = ubuntu
# default
.SHELLFLAGS := -c
# environment
XDG_SESSION_CLASS = user
# environment
SNAP_COMMON = /var/snap/code/common
# environment
XDG_SESSION_TYPE = x11
# environment
VSCODE_LOG_NATIVE = false
# automatic
?D = $(patsubst %/,%,$(dir $?))
# environment
IM_CONFIG_PHASE = 1
# makefile (from 'Makefile', line 12)
INCLUDES = -I. -I/inc -I/home/cdrpico/Documents/cppProjects/TSSPInstancesReader/inc -I/opt/ibm/ILOG/CPLEX_Studio201/concert/include -I/opt/ibm/ILOG/CPLEX_Studio201/cplex/include -I/opt/gurobi910/linux64/include
# makefile (from 'Makefile', line 15)
DEFS = 
# automatic
@D = $(patsubst %/,%,$(dir $@))
# environment
XAUTHORITY = /run/user/1000/gdm/Xauthority
# environment
GDMSESSION = ubuntu
# environment
XMODIFIERS = @im=ibus
# makefile
CURDIR := /home/cdrpico/Documents/cppProjects/GenAdaptPartitionTSSP
# makefile
SHELL = /bin/sh
# environment
JRE_HOME = /usr/lib/jvm/java-8-openjdk-amd64/jre
# environment
SNAP_DATA = /var/snap/code/69
# environment
GUROBI_HOME = /opt/gurobi910/linux64
# environment
VSCODE_NLS_CONFIG = {"locale":"en-us","availableLanguages":{},"_languagePackSupport":true}
# environment
JOURNAL_STREAM = 8:52480
# makefile (from 'Makefile', line 18)
CFLAGS = -g $(DEFINES)
# makefile (from 'Makefile', line 6)
rm = /bin/rm -f
# environment
XDG_CONFIG_DIRS = /etc/xdg/xdg-ubuntu:/etc/xdg
# environment
SNAP_INSTANCE_NAME = code
# environment
SNAP_ARCH = amd64
# makefile (from 'Makefile', line 1)
MAKEFILE_LIST :=  Makefile
# environment
JAVA_HOME = /usr/lib/jvm/java-8-openjdk-amd64
# automatic
@F = $(notdir $@)
# environment
GIO_LAUNCHED_DESKTOP_FILE = /var/lib/snapd/desktop/applications/code_code.desktop
# environment
USERNAME = cdrpico
# makefile (from 'Makefile', line 20)
CXXFLAGS = '-D_GLIBCXX_USE_CXX11_ABI=0'
# environment
MAKELEVEL := 0
# environment
MANDATORY_PATH = /usr/share/gconf/ubuntu.mandatory.path
# environment
XDG_DATA_DIRS = /usr/share/ubuntu:/usr/local/share/:/usr/share/:/var/lib/snapd/desktop
# environment
DBUS_SESSION_BUS_ADDRESS = unix:path=/run/user/1000/bus
# environment
VSCODE_VERBOSE_LOGGING = true
# environment
_ = /snap/code/69/usr/share/code/code
# makefile (from 'Makefile', line 26)
OBJS = src/GAPM.o src/SFLP_GAPM.o src/UsfFunctions.o src/BendersAPM_CP.o src/BendersAPM_SFLP.o src/CapPlan_GAPM.o src/InstancesSFCMFP.o src/OuterBendersSFLP.o src/SFCMFP_GAPM.o main.o
# makefile (from 'Makefile', line 19)
CPPFLAGS = -g $(DEFINES)
# environment
MANAGERPID = 1501
# environment
LESSOPEN = | /usr/bin/lesspipe %s
# environment
LC_NAME = es_CO.UTF-8
# environment
VSCODE_CWD = /home/cdrpico
# environment
GSETTINGS_SCHEMA_DIR = /snap/code/69/usr/share/glib-2.0/schemas
# default
MAKE_HOST := x86_64-pc-linux-gnu
# environment
PATH = /home/cdrpico/.local/bin:/home/cdrpico/.pyenv/shims:/home/cdrpico/.pyenv/bin:/home/cdrpico/.local/bin:/usr/local/sbin:/usr/local/bin:/usr/sbin:/usr/bin:/sbin:/bin:/usr/games:/usr/local/games:/snap/bin:/opt/GAMS/gams34.3_linux_x64_64_sfx:/opt/gurobi910/linux64/bin:/opt/GAMS/gams34.3_linux_x64_64_sfx
# environment
GPG_AGENT_INFO = /run/user/1000/gnupg/S.gpg-agent:0:1
# environment
SESSION_MANAGER = local/cdrpico-ASUS-WorkingStation:@/tmp/.ICE-unix/1794,unix/cdrpico-ASUS-WorkingStation:/tmp/.ICE-unix/1794
# environment
XDG_RUNTIME_DIR = /run/user/1000
# environment
GDK_PIXBUF_MODULE_FILE = /home/cdrpico/snap/code/common/.cache/gdk-pixbuf-loaders.cache
# environment
SNAP = /snap/code/69
# environment
SNAP_VERSION = 2aeda6b1
# environment
XDG_MENU_PREFIX = gnome-
# environment
VSCODE_LOG_STACK = false
# environment
DISABLE_WAYLAND = 1
# environment
VSCODE_CRASH_REPORTER_START_OPTIONS = {"companyName":"Microsoft","productName":"VSCode","submitURL":"appcenter://code?aid=fba07a4d-84bd-4fc8-a125-9640fc8ce171&uid=adeb5f9f-3a82-49dd-b706-5b47cb5fd749&iid=adeb5f9f-3a82-49dd-b706-5b47cb5fd749&sid=adeb5f9f-3a82-49dd-b706-5b47cb5fd749","uploadToServer":true}
# environment
PYENV_ROOT = /home/cdrpico/.pyenv
# environment
INVOCATION_ID = 6f7a9a72dbf14a79b522d19b73630a3e
# environment
GDK_PIXBUF_MODULEDIR = /snap/code/69/usr/lib/x86_64-linux-gnu/gdk-pixbuf-2.0/2.10.0/loaders
# default
.FEATURES := target-specific order-only second-expansion else-if shortest-stem undefine oneshell archives jobserver output-sync check-symlink load
# environment
LS_COLORS = 
# environment
XDG_SESSION_DESKTOP = ubuntu
# environment
SSH_AUTH_SOCK = /run/user/1000/keyring/ssh
# environment
GIO_LAUNCHED_DESKTOP_FILE_PID = 10902
# automatic
%F = $(notdir $%)
# environment
DISPLAY = :0
# environment
VSCODE_PIPE_LOGGING = true
# environment
SNAP_INSTANCE_KEY = 
# environment
PWD = /home/cdrpico/Documents/cppProjects/GenAdaptPartitionTSSP
# default
.LOADED := 
# environment
SSH_AGENT_PID = 1735
# environment
ORIGINAL_XDG_CURRENT_DESKTOP = ubuntu:GNOME
# environment
GTK_MODULES = gail:atk-bridge
# environment
VSCODE_AMD_ENTRYPOINT = vs/workbench/services/extensions/node/extensionHostProcess
# environment
PYENV_SHELL = bash
# environment
HOME = /home/cdrpico
# environment
LD_LIBRARY_PATH = :/opt/gurobi910/linux64/lib
# environment
LESSCLOSE = /usr/bin/lesspipe %s %s
# environment
VSCODE_CLI = 1
# makefile (from 'Makefile', line 17)
DEFINES = -DIL_STD $(INCLUDES) $(DEFS) -DSYS_UNIX=1 -std=c++0x -Wall
# environment
VSCODE_CODE_CACHE_PATH = /home/cdrpico/.config/Code/CachedData/2aeda6b18e13c4f4f9edf6667158a6b8d408874b
# environment
LOGNAME = cdrpico
# environment
APPLICATION_INSIGHTS_NO_DIAGNOSTIC_CHANNEL = true
# environment
SNAP_LIBRARY_PATH = /var/lib/snapd/lib/gl:/var/lib/snapd/lib/gl32:/var/lib/snapd/void
# environment
SNAP_CONTEXT = QoH4jFBaCosztEXM0WS1lfVODOtgGJ_gQ_nbhT7m9bwL9QwiIfzo
# automatic
+F = $(notdir $+)
# environment
ELECTRON_NO_ATTACH_CONSOLE = 1
# environment
SNAP_USER_COMMON = /home/cdrpico/snap/code/common
# environment
VSCODE_HANDLES_UNCAUGHT_ERRORS = true
# environment
GNOME_DESKTOP_SESSION_ID = this-is-deprecated
# automatic
^D = $(patsubst %/,%,$(dir $^))
# environment
LC_TIME = es_CO.UTF-8
# environment
SNAP_REAL_HOME = /home/cdrpico
# default
MAKE = $(MAKE_COMMAND)
# default
MAKECMDGOALS := all
# environment
QT_IM_MODULE = ibus
# makefile (from 'Makefile', line 23)
SRCS = src/GAPM.cpp src/SFLP_GAPM.cpp src/UsfFunctions.cpp src/BendersAPM_CP.cpp src/BendersAPM_SFLP.cpp src/CapPlan_GAPM.cpp src/InstancesSFCMFP.cpp src/OuterBendersSFLP.cpp src/SFCMFP_GAPM.cpp main.cpp
# environment
SNAP_USER_DATA = /home/cdrpico/snap/code/69
# environment
SHLVL = 0
# makefile (from 'Makefile', line 7)
CC = g++
# environment
GNOME_SHELL_SESSION_MODE = ubuntu
# environment
VSCODE_IPC_HOOK_EXTHOST = /run/user/1000/vscode-ipc-fef3bbfb-7a34-4015-8d20-56733ab9ae95.sock
# default
MAKE_VERSION := 4.2.1
# environment
USER = cdrpico
# environment
SNAP_REVISION = 69
# environment
LC_MONETARY = es_CO.UTF-8
# makefile
.DEFAULT_GOAL := all
# environment
XDG_CURRENT_DESKTOP = Unity
# automatic
%D = $(patsubst %/,%,$(dir $%))
# environment
LC_TELEPHONE = es_CO.UTF-8
# default
MAKE_COMMAND := make
# default
.VARIABLES := 
# automatic
*F = $(notdir $*)
# environment
VSCODE_IPC_HOOK = /run/user/1000/vscode-f854cc94-1.58.1-main.sock
# environment
BAMF_DESKTOP_FILE_HINT = /var/lib/snapd/desktop/applications/code_code.desktop
# makefile
MAKEFLAGS = pqrR
# environment
MFLAGS = -pqrR
# automatic
*D = $(patsubst %/,%,$(dir $*))
# environment
BREAKPAD_DUMP_LOCATION = /home/cdrpico/.config/Code/exthost Crash Reports
# automatic
+D = $(patsubst %/,%,$(dir $+))
# environment
GDK_BACKEND = x11
# environment
LC_PAPER = es_CO.UTF-8
# environment
LC_IDENTIFICATION = es_CO.UTF-8
# environment
QT_ACCESSIBILITY = 1
# environment
DEFAULTS_PATH = /usr/share/gconf/ubuntu.default.path
# default
MAKEFILES := 
# environment
SNAP_COOKIE = QoH4jFBaCosztEXM0WS1lfVODOtgGJ_gQ_nbhT7m9bwL9QwiIfzo
# makefile (from 'Makefile', line 11)
PROGNAME = GAPM
# environment
 
LC_NUMERIC = es_CO.UTF-8
# environment
VSCODE_BROWSER_CODE_LOADING = bypassHeatCheck
# automatic
<F = $(notdir $<)
# environment
ELECTRON_RUN_AS_NODE = 1
# environment
LC_MEASUREMENT = es_CO.UTF-8
# environment
SNAP_NAME = code
# environment
GRB_LICENSE_FILE = /home/cdrpico/gurobi.lic
# environment
LC_ALL = C
# environment
GJS_DEBUG_TOPICS = JS ERROR;JS LOG
# makefile (from 'Makefile', line 13)
LIBS = -L/opt/gurobi910/linux64/lib/ -lgurobi_c++ -lgurobi91 -L/home/cdrpico/Documents/cppProjects/TSSPInstancesReader -L/opt/ibm/ILOG/CPLEX_Studio201/concert/lib/x86-64_linux/static_pic/ -L/opt/ibm/ILOG/CPLEX_Studio201/cplex/lib/x86-64_linux/static_pic/ -lm -lconcert -lilocplex -lcplex -lpthread -ldl -lread_instances_TSSP 
# automatic
^F = $(notdir $^)
# default
SUFFIXES := 
# environment
SNAP_REEXEC = 
# environment
CHROME_DESKTOP = code-url-handler.desktop
# environment
WINDOWPATH = 2
# default
.INCLUDE_DIRS = /usr/include /usr/local/include /usr/include
# environment
GJS_DEBUG_OUTPUT = stderr
# default
.RECIPEPREFIX := 
# environment
LC_ADDRESS = es_CO.UTF-8
# environment
LANG = C
# environment
VSCODE_PID = 10946
# variable set hash-table stats:
# Load=153/1024=15%, Rehash=0, Collisions=28/181=15%

# Pattern-specific Variable Values

# No pattern-specific variable values.

# Directories

# . (device 66306, inode 1704965): 19 files, no impossibilities.

# 19 files, no impossibilities in 1 directories.

# Implicit Rules

# No implicit rules.

# Files

# Not a target:
src/InstancesSFCMFP.o:
#  Implicit rule search has been done.
#  Last modified 2021-07-15 08:15:47.572915574
#  File has been updated.
#  Successfully updated.

all: GAPM
#  Command line target.
#  Implicit rule search has been done.
#  File does not exist.
#  File has been updated.
#  Successfully updated.

# Not a target:
src/BendersAPM_SFLP.o:
#  Implicit rule search has been done.
#  Last modified 2021-07-15 08:15:43.489087116
#  File has been updated.
#  Successfully updated.

# Not a target:
src/SFLP_GAPM.o:
#  Implicit rule search has been done.
#  Last modified 2021-07-15 08:15:35.93740418
#  File has been updated.
#  Successfully updated.

GAPM: src/GAPM.o src/SFLP_GAPM.o src/UsfFunctions.o src/BendersAPM_CP.o src/BendersAPM_SFLP.o src/CapPlan_GAPM.o src/InstancesSFCMFP.o src/OuterBendersSFLP.o src/SFCMFP_GAPM.o main.o
#  Implicit rule search has not been done.
#  Last modified 2021-07-15 08:15:53.836652359
#  File has been updated.
#  Successfully updated.
#  recipe to execute (from 'Makefile', line 35):
	#To compile as static library
	#ar rcs $(PROGNAME) $(OBJS) $(LIBS)
	#To compile as program
	$(CC) $(CFLAGS) -o $(PROGNAME) $(OBJS) $(LIBS)

# Not a target:
Makefile:
#  Implicit rule search has been done.
#  Last modified 2021-07-15 07:55:20.065959236
#  File has been updated.
#  Successfully updated.

# Not a target:
src/CapPlan_GAPM.o:
#  Implicit rule search has been done.
#  Last modified 2021-07-15 08:15:45.844988163
#  File has been updated.
#  Successfully updated.

.c.o:
#  Implicit rule search has not been done.
#  Modification time never checked.
#  File has not been updated.
#  recipe to execute (from 'Makefile', line 29):
	$(rm) $@
	$(CC) $(CFLAGS) -c $*.c

# Not a target:
src/SFCMFP_GAPM.o:
#  Implicit rule search has been done.
#  Last modified 2021-07-15 08:15:51.404754568
#  File has been updated.
#  Successfully updated.

# Not a target:
src/GAPM.o:
#  Implicit rule search has been done.
#  Last modified 2021-07-15 08:15:32.721539143
#  File has been updated.
#  Successfully updated.

# Not a target:
src/OuterBendersSFLP.o:
#  Implicit rule search has been done.
#  Last modified 2021-07-15 08:15:49.64082869
#  File has been updated.
#  Successfully updated.

# Not a target:
.DEFAULT:
#  Implicit rule search has not been done.
#  Modification time never checked.
#  File has not been updated.

# Not a target:
src/UsfFunctions.o:
#  Implicit rule search has been done.
#  Last modified 2021-07-15 08:15:39.161268846
#  File has been updated.
#  Successfully updated.

clean:
#  Implicit rule search has not been done.
#  Modification time never checked.
#  File has not been updated.
#  recipe to execute (from 'Makefile', line 40):
	$(rm) $(OBJS) $(PROGNAME) core *~

# Not a target:
main.o:
#  Implicit rule search has been done.
#  Last modified 2021-07-15 08:15:53.108682957
#  File has been updated.
#  Successfully updated.

# Not a target:
src/BendersAPM_CP.o:
#  Implicit rule search has been done.
#  Last modified 2021-07-15 08:15:41.413174293
#  File has been updated.
#  Successfully updated.

# files hash-table stats:
# Load=17/1024=2%, Rehash=0, Collisions=0/40=0%
# VPATH Search Paths

# No 'vpath' search paths.

# No general ('VPATH' variable) search path.

# strcache buffers: 1 (0) / strings = 35 / storage = 444 B / avg = 12 B
# current buf: size = 8162 B / used = 444 B / count = 35 / avg = 12 B

# strcache performance: lookups = 47 / hit rate = 25%
# hash-table stats:
# Load=35/8192=0%, Rehash=0, Collisions=1/47=2%
# Finished Make data base on Thu Jul 15 08:30:09 2021

 
